<?xml version="1.0" encoding="UTF-8"?>
<!-- Generated by org.testng.reporters.JUnitReportReporter -->
<testsuite hostname="LAPTOP-2VUVNRGK" failures="0" tests="1" name="Action.Test002" time="7.849" errors="0" timestamp="2023-03-21T16:13:09 CET" skipped="0">
  <testcase classname="Action.Test002" name="browserLaunchTest" time="7.849"/>
  <system-out/>
</testsuite> <!-- Action.Test002 -->
